You chose the file "D:\huipu\Documents\GitHub\freefem_Files\参考程序及作业\homework1.edp"
-- FreeFem++ v4.13 (Sat Jul  8 11:10:05 CEST 2023 - git v4.13)
   file : D:\huipu\Documents\GitHub\freefem_Files\参考程序及作业\homework1.edp
 Load: lg_fem lg_mesh lg_mesh3 eigenvalue
    1 : int NT=100;
    2 : int C1=1, C2=2, C3=3, C4=4, C5=1;
    3 : border Ra1(t=0., 1.){x=1.; y=t; label=C1;}
    4 : border Ra2(t=0., 1.){x=t; y=1.; label=C2;}
    5 : border Ra3(t=0., 1.){x=0.; y=t; label=C3;}
    6 : border Ra4(t=0., 1.){x=t; y=0.; label=C4;}
    7 : border Circle(t=0., 2.*pi){x=0.3*cos(t)+0.5; y=0.3*sin(t)+0.5; label=C5;}
    8 :
    9 : mesh Th;
   10 : Th=buildmesh(Ra1(NT)+Ra2(-NT)+Ra3(-NT)+Ra4(NT)+Circle(-NT));
   11 : //plot(Th);
   12 :
   13 : fespace Vht(Th, P1);
   14 : Vht u, v, w;
   15 :
   16 : //Function
   17 : func real FuncA(real x, real y)
 *** Warning  The identifier x hide a Global identifier
 
 *** Warning  The identifier y hide a Global identifier
{
   18 :         return 0;
   19 : }
   20 :
   21 : func real FuncB(real x, real y)
 *** Warning  The identifier x hide a Global identifier
 
 *** Warning  The identifier y hide a Global identifier
{
   22 :         return sin(pi*x)*sin(pi*x);
   23 : }
   24 :
   25 : func real Func1(real x, real y)
 *** Warning  The identifier x hide a Global identifier
 
 *** Warning  The identifier y hide a Global identifier
{
   26 :         return -pi*sin(pi*y);
   27 : }
   28 :
   29 : func real Func2(real x, real y)
 *** Warning  The identifier x hide a Global identifier
 
 *** Warning  The identifier y hide a Global identifier
{
   30 :         return -pi*sin(pi*x);
   31 : }
   32 :
   33 : func real Func3(real x, real y)
 *** Warning  The identifier x hide a Global identifier
 
 *** Warning  The identifier y hide a Global identifier
{
   34 :         return pi*sin(pi*y);
   35 : }
   36 :
   37 : func real Func4(real x, real y)
 *** Warning  The identifier x hide a Global identifier
 
 *** Warning  The identifier y hide a Global identifier
{
   38 :         return pi*sin(pi*x);
   39 : }
   40 :
   41 : //solve
   42 : solve dpt(u, v)=int2d(Th)(-dx(u)*dx(v)-dy(u)*dy(v)+2.*pi^2*u*v)
   43 :                                 -int2d(Th)(FuncA(x, y)*v)
   44 :                                 +on(C5, u=FuncB(x,y))
   45 :                                 +int1d(Th, C1)(Func1(x, y)*v)
   46 :                 +int1d(Th, C2)(Func2(x, y)*v)
   47 :                                 +int1d(Th, C3)(Func3(x, y)*v)
   48 :                 +int1d(Th, C4)(Func4(x, y)*v);
   49 :
   50 : plot(u);
   51 :
   52 :
   53 : //plot
   54 : func real ExacU(real x, real y)
 *** Warning  The identifier x hide a Global identifier
 
 *** Warning  The identifier y hide a Global identifier
{
   55 :         return sin(pi*x)*sin(pi*y);
   56 : }
   57 : v=ExacU(x, y);
   58 :
   59 : w=u-v;
   60 : plot(w);
   61 :
   62 : //errL2
   63 : real errL2;
   64 : errL2=sqrt(int2d(Th)(w*w));
   65 :
   66 : cout<<"Err in L2 norm: "<<errL2<<endl;
   67 : cout<<w(0.1, 0.5)<<endl;
   68 : cout<<w(0.9, 0.5)<<endl;
   69 :
   70 :  sizestack + 1024 =2992  ( 1968 )
 
  --  mesh:  Nb of Triangles =   9692, Nb of Vertices 5096
  -- Solve :
          min -7.10621e-32  max 9.07457
Err in L2 norm: 2.60704
2.49822
-0.0923308
times: compile 0.345s, execution 1.16s,  mpirank:0
 ######## We forget of deleting   395469 Nb pointer,   0Bytes  ,  mpirank 0, memory leak =0
 CodeAlloc : nb ptr  4123,  size :528928 mpirank: 0
Ok: Normal End
 try getConsole D:\huipu\Documents\GitHub\freefem_Files\参考程序及作业\homework1.edp
