You chose the file "D:\huipu\Documents\temp.edp"
-- FreeFem++ v4.13 (Sat Jul  8 11:10:05 CEST 2023 - git v4.13)
   file : D:\huipu\Documents\temp.edp
 Load: lg_fem lg_mesh lg_mesh3 eigenvalue
    1 : load "msh3"(load: loadLibary D:\Program Files (x86)\FreeFem++\\.\msh3 = 0)
    2 :
    3 : // Parameters
    4 : int nn = 20; // Mesh quality
    5 :
    6 : // Mesh
    7 : int[int] labs = [1, 2, 2, 1, 1, 2]; // Label numbering
    8 : mesh3 Th = cube(nn, nn, nn, label=labs);
    9 : // Remove the ]0.5,1[^3 domain of the cube
   10 : Th = trunc(Th, (x < 0.5) | (y < 0.5) | (z < 0.5), label=1);
   11 :
   12 : // Fespace
   13 : fespace Vh(Th, P1);
   14 : Vh u, v;
   15 :
   16 : // Macro
   17 : macro Grad(u) [dx(u), dy(u), dz(u)]  )  //
   18 :
   19 : // Define the weak form and solve
   20 : solve Poisson(u, v, solver=CG)
   21 :     = int3d(Th)(
   22 :           Grad(u)     [dx(u), dy(u), dz(u)] ' * Grad(v)     [dx(v), dy(v), dz(v)]
   23 :     )
   24 :     -int3d(Th)(
   25 :           1 * v
   26 :     )
   27 :     + on(1, u=0)
   28 :     ;
   29 :
   30 : // Plot
   31 : plot(u, nbiso=15); sizestack + 1024 =1768  ( 744 )
 
  -- Cube  nv=9261 nt=48000 nbe=4800 kind= 6
  -- FESpace: Nb of Nodes 8261 Nb of DoF 8261
 GC:  converge in  60 g=1.97725e-16 rho= 1.53372 gamma= 0.52365
  -- Solve :
          min 2.09837e-97  max 0.0408406
  Plot::  Sorry no ps version for this type of plot 6
times: compile 0.238s, execution 0.374s,  mpirank:0
 ######## We forget of deleting   113 Nb pointer,   0Bytes  ,  mpirank 0, memory leak =0
 CodeAlloc : nb ptr  3906,  size :523688 mpirank: 0
Ok: Normal End
 try getConsole D:\huipu\Documents\temp.edp
